<?xml version="1.0" encoding="UTF-8"?>
<testsuite name="HelloWorldTest" tests="1" skipped="0" failures="0" errors="0" timestamp="2017-11-01T17:00:20" hostname="kvasir.local" time="0.006">
  <properties/>
  <testcase name="helloWorldTest" classname="HelloWorldTest" time="0.006"/>
  <system-out><![CDATA[]]></system-out>
  <system-err><![CDATA[]]></system-err>
</testsuite>
