<?xml version="1.0" encoding="UTF-8"?>
<testsuite name="RnaTranscriptionTest" tests="5" skipped="0" failures="0" errors="0" timestamp="2017-11-01T17:57:43" hostname="kvasir.local" time="0.022">
  <properties/>
  <testcase name="thymineComplementIsAdenine" classname="RnaTranscriptionTest" time="0.018"/>
  <testcase name="adenineComplementIsUracil" classname="RnaTranscriptionTest" time="0.001"/>
  <testcase name="rnaTranscription" classname="RnaTranscriptionTest" time="0.0"/>
  <testcase name="guanineComplementIsCytosine" classname="RnaTranscriptionTest" time="0.0"/>
  <testcase name="cytosineComplementIsGuanine" classname="RnaTranscriptionTest" time="0.001"/>
  <system-out><![CDATA[]]></system-out>
  <system-err><![CDATA[]]></system-err>
</testsuite>
